  Ball.cpp
c:\users\haris\downloads\pg12_harish_advanced_oop_a1\game\private\ball.cpp(11): warning C4244: 'argument': conversion from 'time_t' to 'unsigned int', possible loss of data
  COGBounce.cpp
  COGBoxShape.cpp
  COGCircleShape.cpp
  COGInputReader.cpp
c:\users\haris\downloads\pg12_harish_advanced_oop_a1\game\private\coginputreader.cpp(23): warning C4018: '<': signed/unsigned mismatch
c:\users\haris\downloads\pg12_harish_advanced_oop_a1\game\private\coginputreader.cpp(52): warning C4018: '<': signed/unsigned mismatch
c:\users\haris\downloads\pg12_harish_advanced_oop_a1\game\private\coginputreader.cpp(77): warning C4018: '<': signed/unsigned mismatch
c:\users\haris\downloads\pg12_harish_advanced_oop_a1\game\private\gameobject.h(83): warning C4018: '<': signed/unsigned mismatch
  c:\users\haris\downloads\pg12_harish_advanced_oop_a1\game\private\coginputreader.cpp(19): note: see reference to function template instantiation 'void Component::RemoveFromComponentVector<COGInputReader>(std::vector<COGInputReader *,std::allocator<_Ty>> &)' being compiled
          with
          [
              _Ty=COGInputReader *
          ]
  COGMoveDown.cpp
  COGMoveUp.cpp
  COGPhysics.cpp
c:\users\haris\downloads\pg12_harish_advanced_oop_a1\game\private\cogphysics.cpp(29): warning C4018: '<': signed/unsigned mismatch
c:\users\haris\downloads\pg12_harish_advanced_oop_a1\game\private\cogphysics.cpp(61): warning C4018: '<': signed/unsigned mismatch
c:\users\haris\downloads\pg12_harish_advanced_oop_a1\game\private\gameobject.h(83): warning C4018: '<': signed/unsigned mismatch
  c:\users\haris\downloads\pg12_harish_advanced_oop_a1\game\private\cogphysics.cpp(25): note: see reference to function template instantiation 'void Component::RemoveFromComponentVector<COGPhysics>(std::vector<COGPhysics *,std::allocator<_Ty>> &)' being compiled
          with
          [
              _Ty=COGPhysics *
          ]
  COGScoredEvent.cpp
  COGShape.cpp
c:\users\haris\downloads\pg12_harish_advanced_oop_a1\game\private\gameobject.h(83): warning C4018: '<': signed/unsigned mismatch
  c:\users\haris\downloads\pg12_harish_advanced_oop_a1\game\private\cogshape.cpp(17): note: see reference to function template instantiation 'void Component::RemoveFromComponentVector<COGShape>(std::vector<COGShape *,std::allocator<_Ty>> &)' being compiled
          with
          [
              _Ty=COGShape *
          ]
  COGTransform.cpp
  Game.cpp
  GameObject.cpp
c:\users\haris\downloads\pg12_harish_advanced_oop_a1\game\private\gameobject.cpp(33): warning C4018: '<': signed/unsigned mismatch
  GameObjectManager.cpp
c:\users\haris\downloads\pg12_harish_advanced_oop_a1\game\private\gameobjectmanager.cpp(19): warning C4018: '<': signed/unsigned mismatch
  Main.cpp
  Mathf.cpp
  Output.cpp
  Player.cpp
  Generating Code...
EngineX.lib(Engine.obj) : warning LNK4099: PDB 'EngineX.pdb' was not found with 'EngineX.lib(Engine.obj)' or at 'C:\Users\haris\Downloads\PG12_Harish_Advanced_OOP_A1\Build\EngineX.pdb'; linking object as if no debug info
EngineX.lib(RenderPacket.obj) : warning LNK4099: PDB 'EngineX.pdb' was not found with 'EngineX.lib(RenderPacket.obj)' or at 'C:\Users\haris\Downloads\PG12_Harish_Advanced_OOP_A1\Build\EngineX.pdb'; linking object as if no debug info
EngineX.lib(System.obj) : warning LNK4099: PDB 'EngineX.pdb' was not found with 'EngineX.lib(System.obj)' or at 'C:\Users\haris\Downloads\PG12_Harish_Advanced_OOP_A1\Build\EngineX.pdb'; linking object as if no debug info
  GameEngineX.vcxproj -> C:\Users\haris\Downloads\PG12_Harish_Advanced_OOP_A1\Build\GameEngineX.exe
